[debug] [2020-11-17T16:19:15.866Z] ----------------------------------------------------------------------
[debug] [2020-11-17T16:19:15.868Z] Command:       C:\Program Files\nodejs\node.exe C:\Users\binur\AppData\Roaming\npm\node_modules\firebase-tools\lib\bin\firebase.js emulators:start
[debug] [2020-11-17T16:19:15.868Z] CLI Version:   8.16.2
[debug] [2020-11-17T16:19:15.868Z] Platform:      win32
[debug] [2020-11-17T16:19:15.868Z] Node Version:  v12.18.2
[debug] [2020-11-17T16:19:15.869Z] Time:          Tue Nov 17 2020 21:49:15 GMT+0530 (India Standard Time)
[debug] [2020-11-17T16:19:15.869Z] ----------------------------------------------------------------------
[debug] [2020-11-17T16:19:15.870Z] 
[debug] [2020-11-17T16:19:15.877Z] > command requires scopes: ["email","openid","https://www.googleapis.com/auth/cloudplatformprojects.readonly","https://www.googleapis.com/auth/firebase","https://www.googleapis.com/auth/cloud-platform"]
[debug] [2020-11-17T16:19:15.878Z] > authorizing via signed-in user
[info] i  emulators: Starting emulators: functions {"metadata":{"emulator":{"name":"hub"},"message":"Starting emulators: functions"}}
[debug] [2020-11-17T16:19:17.911Z] [hub] writing locator at C:\Users\binur\AppData\Local\Temp\hub-clone-66cd5.json
[warn] !  functions: The following emulators are not running, calls to these services from the Functions emulator will affect production: auth, firestore, database, hosting, pubsub {"metadata":{"emulator":{"name":"functions"},"message":"The following emulators are not running, calls to these services from the Functions emulator will affect production: \u001b[1mauth, firestore, database, hosting, pubsub\u001b[22m"}}
[info] +  functions: Using node@12 from host. {"metadata":{"emulator":{"name":"functions"},"message":"Using node@12 from host."}}
[debug] [2020-11-17T16:19:20.003Z] defaultcredentials: writing to file C:\Users\binur\AppData\Roaming\firebase\binura_owin1_gmail.com_application_default_credentials.json
[debug] [2020-11-17T16:19:20.008Z] Setting GAC to C:\Users\binur\AppData\Roaming\firebase\binura_owin1_gmail.com_application_default_credentials.json {"metadata":{"emulator":{"name":"functions"},"message":"Setting GAC to C:\\Users\\binur\\AppData\\Roaming\\firebase\\binura_owin1_gmail.com_application_default_credentials.json"}}
[info] i  ui: downloading ui-v1.2.2.zip... {"metadata":{"emulator":{"name":"ui"},"message":"downloading ui-v1.2.2.zip..."}}
[debug] [2020-11-17T16:19:24.038Z] >>> [apiv2][query] GET https://storage.googleapis.com/firebase-preview-drop/emulator/ui-v1.2.2.zip [none]
[debug] [2020-11-17T16:19:24.880Z] <<< [apiv2][status] GET https://storage.googleapis.com/firebase-preview-drop/emulator/ui-v1.2.2.zip 200
[debug] [2020-11-17T16:19:24.881Z] <<< [apiv2][body] GET https://storage.googleapis.com/firebase-preview-drop/emulator/ui-v1.2.2.zip [stream]
[debug] [2020-11-17T16:19:26.060Z] Ignoring unsupported arg: auto_download {"metadata":{"emulator":{"name":"ui"},"message":"Ignoring unsupported arg: auto_download"}}
[debug] [2020-11-17T16:19:26.060Z] Ignoring unsupported arg: port {"metadata":{"emulator":{"name":"ui"},"message":"Ignoring unsupported arg: port"}}
[debug] [2020-11-17T16:19:26.061Z] Starting Emulator UI with command {"binary":"node","args":["C:\\Users\\binur\\.cache\\firebase\\emulators\\ui-v1.2.2\\server.bundle.js"],"optionalArgs":[],"joinArgs":false} {"metadata":{"emulator":{"name":"ui"},"message":"Starting Emulator UI with command {\"binary\":\"node\",\"args\":[\"C:\\\\Users\\\\binur\\\\.cache\\\\firebase\\\\emulators\\\\ui-v1.2.2\\\\server.bundle.js\"],\"optionalArgs\":[],\"joinArgs\":false}"}}
[info] i  ui: Emulator UI logging to ui-debug.log {"metadata":{"emulator":{"name":"ui"},"message":"Emulator UI logging to \u001b[1mui-debug.log\u001b[22m"}}
[debug] [2020-11-17T16:19:26.200Z] Web / API server started at http://localhost:4000
 {"metadata":{"emulator":{"name":"ui"},"message":"Web / API server started at http://localhost:4000\n"}}
[info] i  functions: Watching "D:\template admin\Amazon_clone_React\amazon_clone\functions" for Cloud Functions... {"metadata":{"emulator":{"name":"functions"},"message":"Watching \"D:\\template admin\\Amazon_clone_React\\amazon_clone\\functions\" for Cloud Functions..."}}
[debug] [2020-11-17T16:19:26.586Z] [worker-pool] addWorker(~diagnostic~) {"metadata":{"emulator":{"name":"functions"},"message":"[worker-pool] addWorker(~diagnostic~)"}}
[debug] [2020-11-17T16:19:26.586Z] [worker-pool] Adding worker with key ~diagnostic~, total=1 {"metadata":{"emulator":{"name":"functions"},"message":"[worker-pool] Adding worker with key ~diagnostic~, total=1"}}
[debug] [2020-11-17T16:19:26.586Z] [worker-pool] submitWork(triggerId=) {"metadata":{"emulator":{"name":"functions"},"message":"[worker-pool] submitWork(triggerId=)"}}
[debug] [2020-11-17T16:19:26.586Z] [worker-~diagnostic~-78dc2e95-4d52-43d7-b54e-def7f2231ad1]: Assigning socketPath: \\?\pipe\D:\template admin\Amazon_clone_React\amazon_clone\functions\15632 {"metadata":{"emulator":{"name":"functions"},"message":"[worker-~diagnostic~-78dc2e95-4d52-43d7-b54e-def7f2231ad1]: Assigning socketPath: \\\\?\\pipe\\D:\\template admin\\Amazon_clone_React\\amazon_clone\\functions\\15632"}}
[debug] [2020-11-17T16:19:26.587Z] [worker-~diagnostic~-78dc2e95-4d52-43d7-b54e-def7f2231ad1]: BUSY {"metadata":{"emulator":{"name":"functions"},"message":"[worker-~diagnostic~-78dc2e95-4d52-43d7-b54e-def7f2231ad1]: BUSY"}}
[debug] [2020-11-17T16:19:27.109Z] [runtime-status] [15632] Functions runtime initialized. {"cwd":"D:\\template admin\\Amazon_clone_React\\amazon_clone\\functions","node_version":"12.18.2"} {"metadata":{"emulator":{"name":"functions"},"message":"[runtime-status] [15632] Functions runtime initialized. {\"cwd\":\"D:\\\\template admin\\\\Amazon_clone_React\\\\amazon_clone\\\\functions\",\"node_version\":\"12.18.2\"}"}}
[debug] [2020-11-17T16:19:27.110Z] [runtime-status] [15632] Disabled runtime features: undefined {"metadata":{"emulator":{"name":"functions"},"message":"[runtime-status] [15632] Disabled runtime features: undefined"}}
[debug] [2020-11-17T16:19:27.115Z] [runtime-status] [15632] Resolved module firebase-admin {"declared":true,"installed":true,"version":"9.4.1","resolution":"D:\\template admin\\Amazon_clone_React\\amazon_clone\\functions\\node_modules\\firebase-admin\\lib\\index.js"} {"metadata":{"emulator":{"name":"functions"},"message":"[runtime-status] [15632] Resolved module firebase-admin {\"declared\":true,\"installed\":true,\"version\":\"9.4.1\",\"resolution\":\"D:\\\\template admin\\\\Amazon_clone_React\\\\amazon_clone\\\\functions\\\\node_modules\\\\firebase-admin\\\\lib\\\\index.js\"}"}}
[debug] [2020-11-17T16:19:27.117Z] [runtime-status] [15632] Resolved module firebase-functions {"declared":true,"installed":true,"version":"3.11.0","resolution":"D:\\template admin\\Amazon_clone_React\\amazon_clone\\functions\\node_modules\\firebase-functions\\lib\\index.js"} {"metadata":{"emulator":{"name":"functions"},"message":"[runtime-status] [15632] Resolved module firebase-functions {\"declared\":true,\"installed\":true,\"version\":\"3.11.0\",\"resolution\":\"D:\\\\template admin\\\\Amazon_clone_React\\\\amazon_clone\\\\functions\\\\node_modules\\\\firebase-functions\\\\lib\\\\index.js\"}"}}
[debug] [2020-11-17T16:19:27.118Z] [runtime-status] [15632] Resolved module firebase-functions {"declared":true,"installed":true,"version":"3.11.0","resolution":"D:\\template admin\\Amazon_clone_React\\amazon_clone\\functions\\node_modules\\firebase-functions\\lib\\index.js"} {"metadata":{"emulator":{"name":"functions"},"message":"[runtime-status] [15632] Resolved module firebase-functions {\"declared\":true,\"installed\":true,\"version\":\"3.11.0\",\"resolution\":\"D:\\\\template admin\\\\Amazon_clone_React\\\\amazon_clone\\\\functions\\\\node_modules\\\\firebase-functions\\\\lib\\\\index.js\"}"}}
[debug] [2020-11-17T16:19:27.119Z] [runtime-status] [15632] Outgoing network have been stubbed. [{"name":"http","status":"mocked"},{"name":"http","status":"mocked"},{"name":"https","status":"mocked"},{"name":"https","status":"mocked"},{"name":"net","status":"mocked"}] {"metadata":{"emulator":{"name":"functions"},"message":"[runtime-status] [15632] Outgoing network have been stubbed. [{\"name\":\"http\",\"status\":\"mocked\"},{\"name\":\"http\",\"status\":\"mocked\"},{\"name\":\"https\",\"status\":\"mocked\"},{\"name\":\"https\",\"status\":\"mocked\"},{\"name\":\"net\",\"status\":\"mocked\"}]"}}
[debug] [2020-11-17T16:19:27.120Z] [runtime-status] [15632] Resolved module firebase-functions {"declared":true,"installed":true,"version":"3.11.0","resolution":"D:\\template admin\\Amazon_clone_React\\amazon_clone\\functions\\node_modules\\firebase-functions\\lib\\index.js"} {"metadata":{"emulator":{"name":"functions"},"message":"[runtime-status] [15632] Resolved module firebase-functions {\"declared\":true,\"installed\":true,\"version\":\"3.11.0\",\"resolution\":\"D:\\\\template admin\\\\Amazon_clone_React\\\\amazon_clone\\\\functions\\\\node_modules\\\\firebase-functions\\\\lib\\\\index.js\"}"}}
[debug] [2020-11-17T16:19:27.191Z] [runtime-status] [15632] Checked functions.config() {"config":{}} {"metadata":{"emulator":{"name":"functions"},"message":"[runtime-status] [15632] Checked functions.config() {\"config\":{}}"}}
[debug] [2020-11-17T16:19:27.191Z] [runtime-status] [15632] firebase-functions has been stubbed. {"functionsResolution":{"declared":true,"installed":true,"version":"3.11.0","resolution":"D:\\template admin\\Amazon_clone_React\\amazon_clone\\functions\\node_modules\\firebase-functions\\lib\\index.js"}} {"metadata":{"emulator":{"name":"functions"},"message":"[runtime-status] [15632] firebase-functions has been stubbed. {\"functionsResolution\":{\"declared\":true,\"installed\":true,\"version\":\"3.11.0\",\"resolution\":\"D:\\\\template admin\\\\Amazon_clone_React\\\\amazon_clone\\\\functions\\\\node_modules\\\\firebase-functions\\\\lib\\\\index.js\"}}"}}
[debug] [2020-11-17T16:19:27.192Z] [runtime-status] [15632] Resolved module firebase-functions {"declared":true,"installed":true,"version":"3.11.0","resolution":"D:\\template admin\\Amazon_clone_React\\amazon_clone\\functions\\node_modules\\firebase-functions\\lib\\index.js"} {"metadata":{"emulator":{"name":"functions"},"message":"[runtime-status] [15632] Resolved module firebase-functions {\"declared\":true,\"installed\":true,\"version\":\"3.11.0\",\"resolution\":\"D:\\\\template admin\\\\Amazon_clone_React\\\\amazon_clone\\\\functions\\\\node_modules\\\\firebase-functions\\\\lib\\\\index.js\"}"}}
[debug] [2020-11-17T16:19:27.194Z] [runtime-status] [15632] Resolved module firebase-admin {"declared":true,"installed":true,"version":"9.4.1","resolution":"D:\\template admin\\Amazon_clone_React\\amazon_clone\\functions\\node_modules\\firebase-admin\\lib\\index.js"} {"metadata":{"emulator":{"name":"functions"},"message":"[runtime-status] [15632] Resolved module firebase-admin {\"declared\":true,\"installed\":true,\"version\":\"9.4.1\",\"resolution\":\"D:\\\\template admin\\\\Amazon_clone_React\\\\amazon_clone\\\\functions\\\\node_modules\\\\firebase-admin\\\\lib\\\\index.js\"}"}}
[debug] [2020-11-17T16:19:27.195Z] [runtime-status] [15632] Resolved module firebase-functions {"declared":true,"installed":true,"version":"3.11.0","resolution":"D:\\template admin\\Amazon_clone_React\\amazon_clone\\functions\\node_modules\\firebase-functions\\lib\\index.js"} {"metadata":{"emulator":{"name":"functions"},"message":"[runtime-status] [15632] Resolved module firebase-functions {\"declared\":true,\"installed\":true,\"version\":\"3.11.0\",\"resolution\":\"D:\\\\template admin\\\\Amazon_clone_React\\\\amazon_clone\\\\functions\\\\node_modules\\\\firebase-functions\\\\lib\\\\index.js\"}"}}
[debug] [2020-11-17T16:19:27.195Z] [runtime-status] [15632] firebase-admin has been stubbed. {"adminResolution":{"declared":true,"installed":true,"version":"9.4.1","resolution":"D:\\template admin\\Amazon_clone_React\\amazon_clone\\functions\\node_modules\\firebase-admin\\lib\\index.js"}} {"metadata":{"emulator":{"name":"functions"},"message":"[runtime-status] [15632] firebase-admin has been stubbed. {\"adminResolution\":{\"declared\":true,\"installed\":true,\"version\":\"9.4.1\",\"resolution\":\"D:\\\\template admin\\\\Amazon_clone_React\\\\amazon_clone\\\\functions\\\\node_modules\\\\firebase-admin\\\\lib\\\\index.js\"}}"}}
[warn] !  D:\template admin\Amazon_clone_React\amazon_clone\functions\index.js:5
const stripe = require("stripe")(
      ^

SyntaxError: Identifier 'stripe' has already been declared
    at wrapSafe (internal/modules/cjs/loader.js:1054:16)
    at Module._compile (internal/modules/cjs/loader.js:1102:27)
    at Object.Module._extensions..js (internal/modules/cjs/loader.js:1158:10)
    at Module.load (internal/modules/cjs/loader.js:986:32)
    at Function.Module._load (internal/modules/cjs/loader.js:879:14)
    at Module.require (internal/modules/cjs/loader.js:1026:19)
    at require (internal/modules/cjs/helpers.js:72:18)
    at C:\Users\binur\AppData\Roaming\npm\node_modules\firebase-tools\lib\emulator\functionsEmulatorRuntime.js:706:33
    at Generator.next (<anonymous>)
    at fulfilled (C:\Users\binur\AppData\Roaming\npm\node_modules\firebase-tools\lib\emulator\functionsEmulatorRuntime.js:5:58) {"metadata":{"emulator":{"name":"functions"},"message":"D:\\template admin\\Amazon_clone_React\\amazon_clone\\functions\\index.js:5\nconst stripe = require(\"stripe\")(\n      ^\n\nSyntaxError: Identifier 'stripe' has already been declared\n    at wrapSafe (internal/modules/cjs/loader.js:1054:16)\n    at Module._compile (internal/modules/cjs/loader.js:1102:27)\n    at Object.Module._extensions..js (internal/modules/cjs/loader.js:1158:10)\n    at Module.load (internal/modules/cjs/loader.js:986:32)\n    at Function.Module._load (internal/modules/cjs/loader.js:879:14)\n    at Module.require (internal/modules/cjs/loader.js:1026:19)\n    at require (internal/modules/cjs/helpers.js:72:18)\n    at C:\\Users\\binur\\AppData\\Roaming\\npm\\node_modules\\firebase-tools\\lib\\emulator\\functionsEmulatorRuntime.js:706:33\n    at Generator.next (<anonymous>)\n    at fulfilled (C:\\Users\\binur\\AppData\\Roaming\\npm\\node_modules\\firebase-tools\\lib\\emulator\\functionsEmulatorRuntime.js:5:58)"}}
[warn] !  We were unable to load your functions code. (see above) {"metadata":{"emulator":{"name":"functions"}}}
[debug] [2020-11-17T16:19:27.223Z] [worker-~diagnostic~-78dc2e95-4d52-43d7-b54e-def7f2231ad1]: exited {"metadata":{"emulator":{"name":"functions"},"message":"[worker-~diagnostic~-78dc2e95-4d52-43d7-b54e-def7f2231ad1]: exited"}}
[debug] [2020-11-17T16:19:27.224Z] [worker-~diagnostic~-78dc2e95-4d52-43d7-b54e-def7f2231ad1]: FINISHED {"metadata":{"emulator":{"name":"functions"},"message":"[worker-~diagnostic~-78dc2e95-4d52-43d7-b54e-def7f2231ad1]: FINISHED"}}
[debug] [2020-11-17T16:20:32.522Z] File D:\template admin\Amazon_clone_React\amazon_clone\functions\index.js changed, reloading triggers {"metadata":{"emulator":{"name":"functions"},"message":"File D:\\template admin\\Amazon_clone_React\\amazon_clone\\functions\\index.js changed, reloading triggers"}}
[debug] [2020-11-17T16:20:33.524Z] [worker-pool] Cleaned up workers for ~diagnostic~: 1 --> 0 {"metadata":{"emulator":{"name":"functions"},"message":"[worker-pool] Cleaned up workers for ~diagnostic~: 1 --> 0"}}
[debug] [2020-11-17T16:20:33.531Z] [worker-pool] addWorker(~diagnostic~) {"metadata":{"emulator":{"name":"functions"},"message":"[worker-pool] addWorker(~diagnostic~)"}}
[debug] [2020-11-17T16:20:33.531Z] [worker-pool] Adding worker with key ~diagnostic~, total=1 {"metadata":{"emulator":{"name":"functions"},"message":"[worker-pool] Adding worker with key ~diagnostic~, total=1"}}
[debug] [2020-11-17T16:20:33.532Z] [worker-pool] submitWork(triggerId=) {"metadata":{"emulator":{"name":"functions"},"message":"[worker-pool] submitWork(triggerId=)"}}
[debug] [2020-11-17T16:20:33.532Z] [worker-~diagnostic~-bc474c8f-b1d5-4710-9cf0-e53c24ab09bf]: Assigning socketPath: \\?\pipe\D:\template admin\Amazon_clone_React\amazon_clone\functions\20316 {"metadata":{"emulator":{"name":"functions"},"message":"[worker-~diagnostic~-bc474c8f-b1d5-4710-9cf0-e53c24ab09bf]: Assigning socketPath: \\\\?\\pipe\\D:\\template admin\\Amazon_clone_React\\amazon_clone\\functions\\20316"}}
[debug] [2020-11-17T16:20:33.532Z] [worker-~diagnostic~-bc474c8f-b1d5-4710-9cf0-e53c24ab09bf]: BUSY {"metadata":{"emulator":{"name":"functions"},"message":"[worker-~diagnostic~-bc474c8f-b1d5-4710-9cf0-e53c24ab09bf]: BUSY"}}
[debug] [2020-11-17T16:20:33.963Z] [runtime-status] [20316] Functions runtime initialized. {"cwd":"D:\\template admin\\Amazon_clone_React\\amazon_clone\\functions","node_version":"12.18.2"} {"metadata":{"emulator":{"name":"functions"},"message":"[runtime-status] [20316] Functions runtime initialized. {\"cwd\":\"D:\\\\template admin\\\\Amazon_clone_React\\\\amazon_clone\\\\functions\",\"node_version\":\"12.18.2\"}"}}
[debug] [2020-11-17T16:20:33.965Z] [runtime-status] [20316] Disabled runtime features: undefined {"metadata":{"emulator":{"name":"functions"},"message":"[runtime-status] [20316] Disabled runtime features: undefined"}}
[debug] [2020-11-17T16:20:33.968Z] [runtime-status] [20316] Resolved module firebase-admin {"declared":true,"installed":true,"version":"9.4.1","resolution":"D:\\template admin\\Amazon_clone_React\\amazon_clone\\functions\\node_modules\\firebase-admin\\lib\\index.js"} {"metadata":{"emulator":{"name":"functions"},"message":"[runtime-status] [20316] Resolved module firebase-admin {\"declared\":true,\"installed\":true,\"version\":\"9.4.1\",\"resolution\":\"D:\\\\template admin\\\\Amazon_clone_React\\\\amazon_clone\\\\functions\\\\node_modules\\\\firebase-admin\\\\lib\\\\index.js\"}"}}
[debug] [2020-11-17T16:20:33.972Z] [runtime-status] [20316] Resolved module firebase-functions {"declared":true,"installed":true,"version":"3.11.0","resolution":"D:\\template admin\\Amazon_clone_React\\amazon_clone\\functions\\node_modules\\firebase-functions\\lib\\index.js"} {"metadata":{"emulator":{"name":"functions"},"message":"[runtime-status] [20316] Resolved module firebase-functions {\"declared\":true,\"installed\":true,\"version\":\"3.11.0\",\"resolution\":\"D:\\\\template admin\\\\Amazon_clone_React\\\\amazon_clone\\\\functions\\\\node_modules\\\\firebase-functions\\\\lib\\\\index.js\"}"}}
[debug] [2020-11-17T16:20:33.972Z] [runtime-status] [20316] Resolved module firebase-functions {"declared":true,"installed":true,"version":"3.11.0","resolution":"D:\\template admin\\Amazon_clone_React\\amazon_clone\\functions\\node_modules\\firebase-functions\\lib\\index.js"} {"metadata":{"emulator":{"name":"functions"},"message":"[runtime-status] [20316] Resolved module firebase-functions {\"declared\":true,\"installed\":true,\"version\":\"3.11.0\",\"resolution\":\"D:\\\\template admin\\\\Amazon_clone_React\\\\amazon_clone\\\\functions\\\\node_modules\\\\firebase-functions\\\\lib\\\\index.js\"}"}}
[debug] [2020-11-17T16:20:33.974Z] [runtime-status] [20316] Outgoing network have been stubbed. [{"name":"http","status":"mocked"},{"name":"http","status":"mocked"},{"name":"https","status":"mocked"},{"name":"https","status":"mocked"},{"name":"net","status":"mocked"}] {"metadata":{"emulator":{"name":"functions"},"message":"[runtime-status] [20316] Outgoing network have been stubbed. [{\"name\":\"http\",\"status\":\"mocked\"},{\"name\":\"http\",\"status\":\"mocked\"},{\"name\":\"https\",\"status\":\"mocked\"},{\"name\":\"https\",\"status\":\"mocked\"},{\"name\":\"net\",\"status\":\"mocked\"}]"}}
[debug] [2020-11-17T16:20:33.974Z] [runtime-status] [20316] Resolved module firebase-functions {"declared":true,"installed":true,"version":"3.11.0","resolution":"D:\\template admin\\Amazon_clone_React\\amazon_clone\\functions\\node_modules\\firebase-functions\\lib\\index.js"} {"metadata":{"emulator":{"name":"functions"},"message":"[runtime-status] [20316] Resolved module firebase-functions {\"declared\":true,\"installed\":true,\"version\":\"3.11.0\",\"resolution\":\"D:\\\\template admin\\\\Amazon_clone_React\\\\amazon_clone\\\\functions\\\\node_modules\\\\firebase-functions\\\\lib\\\\index.js\"}"}}
[debug] [2020-11-17T16:20:34.011Z] [runtime-status] [20316] Checked functions.config() {"config":{}} {"metadata":{"emulator":{"name":"functions"},"message":"[runtime-status] [20316] Checked functions.config() {\"config\":{}}"}}
[debug] [2020-11-17T16:20:34.012Z] [runtime-status] [20316] firebase-functions has been stubbed. {"functionsResolution":{"declared":true,"installed":true,"version":"3.11.0","resolution":"D:\\template admin\\Amazon_clone_React\\amazon_clone\\functions\\node_modules\\firebase-functions\\lib\\index.js"}} {"metadata":{"emulator":{"name":"functions"},"message":"[runtime-status] [20316] firebase-functions has been stubbed. {\"functionsResolution\":{\"declared\":true,\"installed\":true,\"version\":\"3.11.0\",\"resolution\":\"D:\\\\template admin\\\\Amazon_clone_React\\\\amazon_clone\\\\functions\\\\node_modules\\\\firebase-functions\\\\lib\\\\index.js\"}}"}}
[debug] [2020-11-17T16:20:34.012Z] [runtime-status] [20316] Resolved module firebase-functions {"declared":true,"installed":true,"version":"3.11.0","resolution":"D:\\template admin\\Amazon_clone_React\\amazon_clone\\functions\\node_modules\\firebase-functions\\lib\\index.js"} {"metadata":{"emulator":{"name":"functions"},"message":"[runtime-status] [20316] Resolved module firebase-functions {\"declared\":true,\"installed\":true,\"version\":\"3.11.0\",\"resolution\":\"D:\\\\template admin\\\\Amazon_clone_React\\\\amazon_clone\\\\functions\\\\node_modules\\\\firebase-functions\\\\lib\\\\index.js\"}"}}
[debug] [2020-11-17T16:20:34.013Z] [runtime-status] [20316] Resolved module firebase-admin {"declared":true,"installed":true,"version":"9.4.1","resolution":"D:\\template admin\\Amazon_clone_React\\amazon_clone\\functions\\node_modules\\firebase-admin\\lib\\index.js"} {"metadata":{"emulator":{"name":"functions"},"message":"[runtime-status] [20316] Resolved module firebase-admin {\"declared\":true,\"installed\":true,\"version\":\"9.4.1\",\"resolution\":\"D:\\\\template admin\\\\Amazon_clone_React\\\\amazon_clone\\\\functions\\\\node_modules\\\\firebase-admin\\\\lib\\\\index.js\"}"}}
[debug] [2020-11-17T16:20:34.014Z] [runtime-status] [20316] Resolved module firebase-functions {"declared":true,"installed":true,"version":"3.11.0","resolution":"D:\\template admin\\Amazon_clone_React\\amazon_clone\\functions\\node_modules\\firebase-functions\\lib\\index.js"} {"metadata":{"emulator":{"name":"functions"},"message":"[runtime-status] [20316] Resolved module firebase-functions {\"declared\":true,\"installed\":true,\"version\":\"3.11.0\",\"resolution\":\"D:\\\\template admin\\\\Amazon_clone_React\\\\amazon_clone\\\\functions\\\\node_modules\\\\firebase-functions\\\\lib\\\\index.js\"}"}}
[debug] [2020-11-17T16:20:34.014Z] [runtime-status] [20316] firebase-admin has been stubbed. {"adminResolution":{"declared":true,"installed":true,"version":"9.4.1","resolution":"D:\\template admin\\Amazon_clone_React\\amazon_clone\\functions\\node_modules\\firebase-admin\\lib\\index.js"}} {"metadata":{"emulator":{"name":"functions"},"message":"[runtime-status] [20316] firebase-admin has been stubbed. {\"adminResolution\":{\"declared\":true,\"installed\":true,\"version\":\"9.4.1\",\"resolution\":\"D:\\\\template admin\\\\Amazon_clone_React\\\\amazon_clone\\\\functions\\\\node_modules\\\\firebase-admin\\\\lib\\\\index.js\"}}"}}
[info] +  functions[api]: http function initialized (http://localhost:5001/clone-66cd5/us-central1/api). {"metadata":{"emulator":{"name":"functions"},"message":"\u001b[1mhttp\u001b[22m function initialized (http://localhost:5001/clone-66cd5/us-central1/api)."}}
[debug] [2020-11-17T16:20:34.179Z] [worker-~diagnostic~-bc474c8f-b1d5-4710-9cf0-e53c24ab09bf]: IDLE {"metadata":{"emulator":{"name":"functions"},"message":"[worker-~diagnostic~-bc474c8f-b1d5-4710-9cf0-e53c24ab09bf]: IDLE"}}
[debug] [2020-11-17T16:22:03.091Z] [work-queue] {"queueLength":1,"workRunningCount":0}
[debug] [2020-11-17T16:22:03.091Z] [work-queue] {"queueLength":0,"workRunningCount":1}
[debug] [2020-11-17T16:22:03.092Z] Accepted request GET /clone-66cd5/us-central1/api --> api
[debug] [2020-11-17T16:22:03.098Z] [worker-pool] addWorker(api) {"metadata":{"emulator":{"name":"functions"},"message":"[worker-pool] addWorker(api)"}}
[debug] [2020-11-17T16:22:03.098Z] [worker-pool] Adding worker with key api, total=1 {"metadata":{"emulator":{"name":"functions"},"message":"[worker-pool] Adding worker with key api, total=1"}}
[debug] [2020-11-17T16:22:03.099Z] [worker-pool] submitWork(triggerId=api) {"metadata":{"emulator":{"name":"functions"},"message":"[worker-pool] submitWork(triggerId=api)"}}
[debug] [2020-11-17T16:22:03.099Z] [worker-api-cf6f1a43-be06-4bf7-928f-f6c56a6d9f2a]: Assigning socketPath: \\?\pipe\D:\template admin\Amazon_clone_React\amazon_clone\functions\10460 {"metadata":{"emulator":{"name":"functions"},"message":"[worker-api-cf6f1a43-be06-4bf7-928f-f6c56a6d9f2a]: Assigning socketPath: \\\\?\\pipe\\D:\\template admin\\Amazon_clone_React\\amazon_clone\\functions\\10460"}}
[debug] [2020-11-17T16:22:03.099Z] [worker-api-cf6f1a43-be06-4bf7-928f-f6c56a6d9f2a]: BUSY {"metadata":{"emulator":{"name":"functions"},"message":"[worker-api-cf6f1a43-be06-4bf7-928f-f6c56a6d9f2a]: BUSY"}}
[debug] [2020-11-17T16:22:03.755Z] [runtime-status] [10460] Functions runtime initialized. {"cwd":"D:\\template admin\\Amazon_clone_React\\amazon_clone\\functions","node_version":"12.18.2"} {"metadata":{"emulator":{"name":"functions"},"function":{"name":"api"},"message":"[runtime-status] [10460] Functions runtime initialized. {\"cwd\":\"D:\\\\template admin\\\\Amazon_clone_React\\\\amazon_clone\\\\functions\",\"node_version\":\"12.18.2\"}"}}
[debug] [2020-11-17T16:22:03.757Z] [runtime-status] [10460] Disabled runtime features: undefined {"metadata":{"emulator":{"name":"functions"},"function":{"name":"api"},"message":"[runtime-status] [10460] Disabled runtime features: undefined"}}
[debug] [2020-11-17T16:22:03.764Z] [runtime-status] [10460] Resolved module firebase-admin {"declared":true,"installed":true,"version":"9.4.1","resolution":"D:\\template admin\\Amazon_clone_React\\amazon_clone\\functions\\node_modules\\firebase-admin\\lib\\index.js"} {"metadata":{"emulator":{"name":"functions"},"function":{"name":"api"},"message":"[runtime-status] [10460] Resolved module firebase-admin {\"declared\":true,\"installed\":true,\"version\":\"9.4.1\",\"resolution\":\"D:\\\\template admin\\\\Amazon_clone_React\\\\amazon_clone\\\\functions\\\\node_modules\\\\firebase-admin\\\\lib\\\\index.js\"}"}}
[debug] [2020-11-17T16:22:03.768Z] [runtime-status] [10460] Resolved module firebase-functions {"declared":true,"installed":true,"version":"3.11.0","resolution":"D:\\template admin\\Amazon_clone_React\\amazon_clone\\functions\\node_modules\\firebase-functions\\lib\\index.js"} {"metadata":{"emulator":{"name":"functions"},"function":{"name":"api"},"message":"[runtime-status] [10460] Resolved module firebase-functions {\"declared\":true,\"installed\":true,\"version\":\"3.11.0\",\"resolution\":\"D:\\\\template admin\\\\Amazon_clone_React\\\\amazon_clone\\\\functions\\\\node_modules\\\\firebase-functions\\\\lib\\\\index.js\"}"}}
[debug] [2020-11-17T16:22:03.770Z] [runtime-status] [10460] Resolved module firebase-functions {"declared":true,"installed":true,"version":"3.11.0","resolution":"D:\\template admin\\Amazon_clone_React\\amazon_clone\\functions\\node_modules\\firebase-functions\\lib\\index.js"} {"metadata":{"emulator":{"name":"functions"},"function":{"name":"api"},"message":"[runtime-status] [10460] Resolved module firebase-functions {\"declared\":true,\"installed\":true,\"version\":\"3.11.0\",\"resolution\":\"D:\\\\template admin\\\\Amazon_clone_React\\\\amazon_clone\\\\functions\\\\node_modules\\\\firebase-functions\\\\lib\\\\index.js\"}"}}
[debug] [2020-11-17T16:22:03.772Z] [runtime-status] [10460] Outgoing network have been stubbed. [{"name":"http","status":"mocked"},{"name":"http","status":"mocked"},{"name":"https","status":"mocked"},{"name":"https","status":"mocked"},{"name":"net","status":"mocked"}] {"metadata":{"emulator":{"name":"functions"},"function":{"name":"api"},"message":"[runtime-status] [10460] Outgoing network have been stubbed. [{\"name\":\"http\",\"status\":\"mocked\"},{\"name\":\"http\",\"status\":\"mocked\"},{\"name\":\"https\",\"status\":\"mocked\"},{\"name\":\"https\",\"status\":\"mocked\"},{\"name\":\"net\",\"status\":\"mocked\"}]"}}
[debug] [2020-11-17T16:22:03.773Z] [runtime-status] [10460] Resolved module firebase-functions {"declared":true,"installed":true,"version":"3.11.0","resolution":"D:\\template admin\\Amazon_clone_React\\amazon_clone\\functions\\node_modules\\firebase-functions\\lib\\index.js"} {"metadata":{"emulator":{"name":"functions"},"function":{"name":"api"},"message":"[runtime-status] [10460] Resolved module firebase-functions {\"declared\":true,\"installed\":true,\"version\":\"3.11.0\",\"resolution\":\"D:\\\\template admin\\\\Amazon_clone_React\\\\amazon_clone\\\\functions\\\\node_modules\\\\firebase-functions\\\\lib\\\\index.js\"}"}}
[debug] [2020-11-17T16:22:03.829Z] [runtime-status] [10460] Checked functions.config() {"config":{}} {"metadata":{"emulator":{"name":"functions"},"function":{"name":"api"},"message":"[runtime-status] [10460] Checked functions.config() {\"config\":{}}"}}
[debug] [2020-11-17T16:22:03.829Z] [runtime-status] [10460] firebase-functions has been stubbed. {"functionsResolution":{"declared":true,"installed":true,"version":"3.11.0","resolution":"D:\\template admin\\Amazon_clone_React\\amazon_clone\\functions\\node_modules\\firebase-functions\\lib\\index.js"}} {"metadata":{"emulator":{"name":"functions"},"function":{"name":"api"},"message":"[runtime-status] [10460] firebase-functions has been stubbed. {\"functionsResolution\":{\"declared\":true,\"installed\":true,\"version\":\"3.11.0\",\"resolution\":\"D:\\\\template admin\\\\Amazon_clone_React\\\\amazon_clone\\\\functions\\\\node_modules\\\\firebase-functions\\\\lib\\\\index.js\"}}"}}
[debug] [2020-11-17T16:22:03.830Z] [runtime-status] [10460] Resolved module firebase-functions {"declared":true,"installed":true,"version":"3.11.0","resolution":"D:\\template admin\\Amazon_clone_React\\amazon_clone\\functions\\node_modules\\firebase-functions\\lib\\index.js"} {"metadata":{"emulator":{"name":"functions"},"function":{"name":"api"},"message":"[runtime-status] [10460] Resolved module firebase-functions {\"declared\":true,\"installed\":true,\"version\":\"3.11.0\",\"resolution\":\"D:\\\\template admin\\\\Amazon_clone_React\\\\amazon_clone\\\\functions\\\\node_modules\\\\firebase-functions\\\\lib\\\\index.js\"}"}}
[debug] [2020-11-17T16:22:03.832Z] [runtime-status] [10460] Resolved module firebase-admin {"declared":true,"installed":true,"version":"9.4.1","resolution":"D:\\template admin\\Amazon_clone_React\\amazon_clone\\functions\\node_modules\\firebase-admin\\lib\\index.js"} {"metadata":{"emulator":{"name":"functions"},"function":{"name":"api"},"message":"[runtime-status] [10460] Resolved module firebase-admin {\"declared\":true,\"installed\":true,\"version\":\"9.4.1\",\"resolution\":\"D:\\\\template admin\\\\Amazon_clone_React\\\\amazon_clone\\\\functions\\\\node_modules\\\\firebase-admin\\\\lib\\\\index.js\"}"}}
[debug] [2020-11-17T16:22:03.833Z] [runtime-status] [10460] Resolved module firebase-functions {"declared":true,"installed":true,"version":"3.11.0","resolution":"D:\\template admin\\Amazon_clone_React\\amazon_clone\\functions\\node_modules\\firebase-functions\\lib\\index.js"} {"metadata":{"emulator":{"name":"functions"},"function":{"name":"api"},"message":"[runtime-status] [10460] Resolved module firebase-functions {\"declared\":true,\"installed\":true,\"version\":\"3.11.0\",\"resolution\":\"D:\\\\template admin\\\\Amazon_clone_React\\\\amazon_clone\\\\functions\\\\node_modules\\\\firebase-functions\\\\lib\\\\index.js\"}"}}
[debug] [2020-11-17T16:22:03.833Z] [runtime-status] [10460] firebase-admin has been stubbed. {"adminResolution":{"declared":true,"installed":true,"version":"9.4.1","resolution":"D:\\template admin\\Amazon_clone_React\\amazon_clone\\functions\\node_modules\\firebase-admin\\lib\\index.js"}} {"metadata":{"emulator":{"name":"functions"},"function":{"name":"api"},"message":"[runtime-status] [10460] firebase-admin has been stubbed. {\"adminResolution\":{\"declared\":true,\"installed\":true,\"version\":\"9.4.1\",\"resolution\":\"D:\\\\template admin\\\\Amazon_clone_React\\\\amazon_clone\\\\functions\\\\node_modules\\\\firebase-admin\\\\lib\\\\index.js\"}}"}}
[debug] [2020-11-17T16:22:04.030Z] [runtime-status] [10460] Trigger "api" has been found, beginning invocation! {"metadata":{"emulator":{"name":"functions"},"function":{"name":"api"},"message":"[runtime-status] [10460] Trigger \"api\" has been found, beginning invocation!"}}
[info] i  functions: Beginning execution of "api" {"metadata":{"emulator":{"name":"functions"},"function":{"name":"api"},"message":"Beginning execution of \"api\""}}
[debug] [2020-11-17T16:22:04.034Z] [runtime-status] [10460] triggerDefinition {"httpsTrigger":{},"name":"api","entryPoint":"api"} {"metadata":{"emulator":{"name":"functions"},"function":{"name":"api"},"message":"[runtime-status] [10460] triggerDefinition {\"httpsTrigger\":{},\"name\":\"api\",\"entryPoint\":\"api\"}"}}
[debug] [2020-11-17T16:22:04.034Z] [runtime-status] [10460] Running api in mode HTTPS {"metadata":{"emulator":{"name":"functions"},"function":{"name":"api"},"message":"[runtime-status] [10460] Running api in mode HTTPS"}}
[debug] [2020-11-17T16:22:04.037Z] [runtime-status] [10460] Attempting to listen to socketPath: \\?\pipe\D:\template admin\Amazon_clone_React\amazon_clone\functions\10460 {"metadata":{"emulator":{"name":"functions"},"function":{"name":"api"},"message":"[runtime-status] [10460] Attempting to listen to socketPath: \\\\?\\pipe\\D:\\template admin\\Amazon_clone_React\\amazon_clone\\functions\\10460"}}
[debug] [2020-11-17T16:22:04.041Z] [functions] Runtime ready! Sending request! {"metadata":{"emulator":{"name":"functions"},"message":"[functions] Runtime ready! Sending request!"}}
[debug] [2020-11-17T16:22:04.051Z] [runtime-status] [10460] Ephemeral server handling GET request {"metadata":{"emulator":{"name":"functions"},"function":{"name":"api"},"message":"[runtime-status] [10460] Ephemeral server handling GET request"}}
[debug] [2020-11-17T16:22:04.059Z] [runtime-status] [10460] Ephemeral server survived. {"metadata":{"emulator":{"name":"functions"},"function":{"name":"api"},"message":"[runtime-status] [10460] Ephemeral server survived."}}
[info] i  functions: Finished "api" in ~1s {"metadata":{"emulator":{"name":"functions"},"function":{"name":"api"},"message":"Finished \"api\" in ~1s"}}
[debug] [2020-11-17T16:22:04.063Z] [worker-api-cf6f1a43-be06-4bf7-928f-f6c56a6d9f2a]: IDLE {"metadata":{"emulator":{"name":"functions"},"message":"[worker-api-cf6f1a43-be06-4bf7-928f-f6c56a6d9f2a]: IDLE"}}
[debug] [2020-11-17T16:22:04.064Z] [work-queue] {"queueLength":0,"workRunningCount":0}
[debug] [2020-11-17T16:22:04.436Z] Functions emulator received unknown request at path /favicon.ico
[debug] [2020-11-17T17:30:27.362Z] File D:\template admin\Amazon_clone_React\amazon_clone\functions\index.js changed, reloading triggers {"metadata":{"emulator":{"name":"functions"},"message":"File D:\\template admin\\Amazon_clone_React\\amazon_clone\\functions\\index.js changed, reloading triggers"}}
[debug] [2020-11-17T17:30:28.377Z] [worker-pool] Shutting down IDLE worker (~diagnostic~) {"metadata":{"emulator":{"name":"functions"},"message":"[worker-pool] Shutting down IDLE worker (~diagnostic~)"}}
[debug] [2020-11-17T17:30:28.379Z] [worker-~diagnostic~-bc474c8f-b1d5-4710-9cf0-e53c24ab09bf]: FINISHING {"metadata":{"emulator":{"name":"functions"},"message":"[worker-~diagnostic~-bc474c8f-b1d5-4710-9cf0-e53c24ab09bf]: FINISHING"}}
[debug] [2020-11-17T17:30:28.382Z] [worker-pool] Shutting down IDLE worker (api) {"metadata":{"emulator":{"name":"functions"},"message":"[worker-pool] Shutting down IDLE worker (api)"}}
[debug] [2020-11-17T17:30:28.382Z] [worker-api-cf6f1a43-be06-4bf7-928f-f6c56a6d9f2a]: FINISHING {"metadata":{"emulator":{"name":"functions"},"message":"[worker-api-cf6f1a43-be06-4bf7-928f-f6c56a6d9f2a]: FINISHING"}}
[debug] [2020-11-17T17:30:28.400Z] [worker-pool] addWorker(~diagnostic~) {"metadata":{"emulator":{"name":"functions"},"message":"[worker-pool] addWorker(~diagnostic~)"}}
[debug] [2020-11-17T17:30:28.401Z] [worker-pool] Adding worker with key ~diagnostic~, total=2 {"metadata":{"emulator":{"name":"functions"},"message":"[worker-pool] Adding worker with key ~diagnostic~, total=2"}}
[debug] [2020-11-17T17:30:28.401Z] [worker-pool] submitWork(triggerId=) {"metadata":{"emulator":{"name":"functions"},"message":"[worker-pool] submitWork(triggerId=)"}}
[debug] [2020-11-17T17:30:28.401Z] [worker-~diagnostic~-38f11537-01f2-4eeb-8b6c-c1ce4e65c124]: Assigning socketPath: \\?\pipe\D:\template admin\Amazon_clone_React\amazon_clone\functions\12056 {"metadata":{"emulator":{"name":"functions"},"message":"[worker-~diagnostic~-38f11537-01f2-4eeb-8b6c-c1ce4e65c124]: Assigning socketPath: \\\\?\\pipe\\D:\\template admin\\Amazon_clone_React\\amazon_clone\\functions\\12056"}}
[debug] [2020-11-17T17:30:28.402Z] [worker-~diagnostic~-38f11537-01f2-4eeb-8b6c-c1ce4e65c124]: BUSY {"metadata":{"emulator":{"name":"functions"},"message":"[worker-~diagnostic~-38f11537-01f2-4eeb-8b6c-c1ce4e65c124]: BUSY"}}
[debug] [2020-11-17T17:30:28.408Z] [worker-~diagnostic~-bc474c8f-b1d5-4710-9cf0-e53c24ab09bf]: exited {"metadata":{"emulator":{"name":"functions"},"message":"[worker-~diagnostic~-bc474c8f-b1d5-4710-9cf0-e53c24ab09bf]: exited"}}
[debug] [2020-11-17T17:30:28.408Z] [worker-~diagnostic~-bc474c8f-b1d5-4710-9cf0-e53c24ab09bf]: FINISHED {"metadata":{"emulator":{"name":"functions"},"message":"[worker-~diagnostic~-bc474c8f-b1d5-4710-9cf0-e53c24ab09bf]: FINISHED"}}
[debug] [2020-11-17T17:30:28.409Z] [worker-api-cf6f1a43-be06-4bf7-928f-f6c56a6d9f2a]: exited {"metadata":{"emulator":{"name":"functions"},"message":"[worker-api-cf6f1a43-be06-4bf7-928f-f6c56a6d9f2a]: exited"}}
[debug] [2020-11-17T17:30:28.409Z] [worker-api-cf6f1a43-be06-4bf7-928f-f6c56a6d9f2a]: FINISHED {"metadata":{"emulator":{"name":"functions"},"message":"[worker-api-cf6f1a43-be06-4bf7-928f-f6c56a6d9f2a]: FINISHED"}}
[debug] [2020-11-17T17:30:29.418Z] [runtime-status] [12056] Functions runtime initialized. {"cwd":"D:\\template admin\\Amazon_clone_React\\amazon_clone\\functions","node_version":"12.18.2"} {"metadata":{"emulator":{"name":"functions"},"message":"[runtime-status] [12056] Functions runtime initialized. {\"cwd\":\"D:\\\\template admin\\\\Amazon_clone_React\\\\amazon_clone\\\\functions\",\"node_version\":\"12.18.2\"}"}}
[debug] [2020-11-17T17:30:29.423Z] [runtime-status] [12056] Disabled runtime features: undefined {"metadata":{"emulator":{"name":"functions"},"message":"[runtime-status] [12056] Disabled runtime features: undefined"}}
[debug] [2020-11-17T17:30:29.435Z] [runtime-status] [12056] Resolved module firebase-admin {"declared":true,"installed":true,"version":"9.4.1","resolution":"D:\\template admin\\Amazon_clone_React\\amazon_clone\\functions\\node_modules\\firebase-admin\\lib\\index.js"} {"metadata":{"emulator":{"name":"functions"},"message":"[runtime-status] [12056] Resolved module firebase-admin {\"declared\":true,\"installed\":true,\"version\":\"9.4.1\",\"resolution\":\"D:\\\\template admin\\\\Amazon_clone_React\\\\amazon_clone\\\\functions\\\\node_modules\\\\firebase-admin\\\\lib\\\\index.js\"}"}}
[debug] [2020-11-17T17:30:29.438Z] [runtime-status] [12056] Resolved module firebase-functions {"declared":true,"installed":true,"version":"3.11.0","resolution":"D:\\template admin\\Amazon_clone_React\\amazon_clone\\functions\\node_modules\\firebase-functions\\lib\\index.js"} {"metadata":{"emulator":{"name":"functions"},"message":"[runtime-status] [12056] Resolved module firebase-functions {\"declared\":true,\"installed\":true,\"version\":\"3.11.0\",\"resolution\":\"D:\\\\template admin\\\\Amazon_clone_React\\\\amazon_clone\\\\functions\\\\node_modules\\\\firebase-functions\\\\lib\\\\index.js\"}"}}
[debug] [2020-11-17T17:30:29.440Z] [runtime-status] [12056] Resolved module firebase-functions {"declared":true,"installed":true,"version":"3.11.0","resolution":"D:\\template admin\\Amazon_clone_React\\amazon_clone\\functions\\node_modules\\firebase-functions\\lib\\index.js"} {"metadata":{"emulator":{"name":"functions"},"message":"[runtime-status] [12056] Resolved module firebase-functions {\"declared\":true,\"installed\":true,\"version\":\"3.11.0\",\"resolution\":\"D:\\\\template admin\\\\Amazon_clone_React\\\\amazon_clone\\\\functions\\\\node_modules\\\\firebase-functions\\\\lib\\\\index.js\"}"}}
[debug] [2020-11-17T17:30:29.446Z] [runtime-status] [12056] Outgoing network have been stubbed. [{"name":"http","status":"mocked"},{"name":"http","status":"mocked"},{"name":"https","status":"mocked"},{"name":"https","status":"mocked"},{"name":"net","status":"mocked"}] {"metadata":{"emulator":{"name":"functions"},"message":"[runtime-status] [12056] Outgoing network have been stubbed. [{\"name\":\"http\",\"status\":\"mocked\"},{\"name\":\"http\",\"status\":\"mocked\"},{\"name\":\"https\",\"status\":\"mocked\"},{\"name\":\"https\",\"status\":\"mocked\"},{\"name\":\"net\",\"status\":\"mocked\"}]"}}
[debug] [2020-11-17T17:30:29.448Z] [runtime-status] [12056] Resolved module firebase-functions {"declared":true,"installed":true,"version":"3.11.0","resolution":"D:\\template admin\\Amazon_clone_React\\amazon_clone\\functions\\node_modules\\firebase-functions\\lib\\index.js"} {"metadata":{"emulator":{"name":"functions"},"message":"[runtime-status] [12056] Resolved module firebase-functions {\"declared\":true,\"installed\":true,\"version\":\"3.11.0\",\"resolution\":\"D:\\\\template admin\\\\Amazon_clone_React\\\\amazon_clone\\\\functions\\\\node_modules\\\\firebase-functions\\\\lib\\\\index.js\"}"}}
[debug] [2020-11-17T17:30:29.547Z] [runtime-status] [12056] Checked functions.config() {"config":{}} {"metadata":{"emulator":{"name":"functions"},"message":"[runtime-status] [12056] Checked functions.config() {\"config\":{}}"}}
[debug] [2020-11-17T17:30:29.547Z] [runtime-status] [12056] firebase-functions has been stubbed. {"functionsResolution":{"declared":true,"installed":true,"version":"3.11.0","resolution":"D:\\template admin\\Amazon_clone_React\\amazon_clone\\functions\\node_modules\\firebase-functions\\lib\\index.js"}} {"metadata":{"emulator":{"name":"functions"},"message":"[runtime-status] [12056] firebase-functions has been stubbed. {\"functionsResolution\":{\"declared\":true,\"installed\":true,\"version\":\"3.11.0\",\"resolution\":\"D:\\\\template admin\\\\Amazon_clone_React\\\\amazon_clone\\\\functions\\\\node_modules\\\\firebase-functions\\\\lib\\\\index.js\"}}"}}
[debug] [2020-11-17T17:30:29.557Z] [runtime-status] [12056] Resolved module firebase-functions {"declared":true,"installed":true,"version":"3.11.0","resolution":"D:\\template admin\\Amazon_clone_React\\amazon_clone\\functions\\node_modules\\firebase-functions\\lib\\index.js"} {"metadata":{"emulator":{"name":"functions"},"message":"[runtime-status] [12056] Resolved module firebase-functions {\"declared\":true,\"installed\":true,\"version\":\"3.11.0\",\"resolution\":\"D:\\\\template admin\\\\Amazon_clone_React\\\\amazon_clone\\\\functions\\\\node_modules\\\\firebase-functions\\\\lib\\\\index.js\"}"}}
[debug] [2020-11-17T17:30:29.558Z] [runtime-status] [12056] Resolved module firebase-admin {"declared":true,"installed":true,"version":"9.4.1","resolution":"D:\\template admin\\Amazon_clone_React\\amazon_clone\\functions\\node_modules\\firebase-admin\\lib\\index.js"} {"metadata":{"emulator":{"name":"functions"},"message":"[runtime-status] [12056] Resolved module firebase-admin {\"declared\":true,\"installed\":true,\"version\":\"9.4.1\",\"resolution\":\"D:\\\\template admin\\\\Amazon_clone_React\\\\amazon_clone\\\\functions\\\\node_modules\\\\firebase-admin\\\\lib\\\\index.js\"}"}}
[debug] [2020-11-17T17:30:29.559Z] [runtime-status] [12056] Resolved module firebase-functions {"declared":true,"installed":true,"version":"3.11.0","resolution":"D:\\template admin\\Amazon_clone_React\\amazon_clone\\functions\\node_modules\\firebase-functions\\lib\\index.js"} {"metadata":{"emulator":{"name":"functions"},"message":"[runtime-status] [12056] Resolved module firebase-functions {\"declared\":true,\"installed\":true,\"version\":\"3.11.0\",\"resolution\":\"D:\\\\template admin\\\\Amazon_clone_React\\\\amazon_clone\\\\functions\\\\node_modules\\\\firebase-functions\\\\lib\\\\index.js\"}"}}
[debug] [2020-11-17T17:30:29.559Z] [runtime-status] [12056] firebase-admin has been stubbed. {"adminResolution":{"declared":true,"installed":true,"version":"9.4.1","resolution":"D:\\template admin\\Amazon_clone_React\\amazon_clone\\functions\\node_modules\\firebase-admin\\lib\\index.js"}} {"metadata":{"emulator":{"name":"functions"},"message":"[runtime-status] [12056] firebase-admin has been stubbed. {\"adminResolution\":{\"declared\":true,\"installed\":true,\"version\":\"9.4.1\",\"resolution\":\"D:\\\\template admin\\\\Amazon_clone_React\\\\amazon_clone\\\\functions\\\\node_modules\\\\firebase-admin\\\\lib\\\\index.js\"}}"}}
[debug] [2020-11-17T17:30:29.898Z] [worker-~diagnostic~-38f11537-01f2-4eeb-8b6c-c1ce4e65c124]: IDLE {"metadata":{"emulator":{"name":"functions"},"message":"[worker-~diagnostic~-38f11537-01f2-4eeb-8b6c-c1ce4e65c124]: IDLE"}}
